<?xml version="1.0" encoding="UTF-8"?>
<!-- Generated by org.testng.reporters.JUnitReportReporter -->
<testsuite hostname="siyuandemac.local" name="com.smart.service.UserServiceTest" tests="3" failures="0" timestamp="12 Sep 2017 15:29:43 GMT" time="0.942" errors="0">
  <testcase name="testHasMatchUser" time="0.290" classname="com.smart.service.UserServiceTest"/>
  <testcase name="testAddLoginLog" time="0.308" classname="com.smart.service.UserServiceTest"/>
  <testcase name="testFindUserByUserName" time="0.344" classname="com.smart.service.UserServiceTest"/>
</testsuite> <!-- com.smart.service.UserServiceTest -->
